<?xml version="1.0" encoding="UTF-8"?>
<!-- Generated by org.testng.reporters.JUnitXMLReporter -->
<testsuite hostname="Surajs-MacBook-Pro.local" ignored="5" name="NopCommerce App Test" tests="1" failures="0" timestamp="2020-05-12T20:55:54 NPT" time="14.485" errors="0">
  <testcase name="verifyClickOnAddNewButtonTest" time="3.066" classname="com.nop.qa.testcases.ProductsPageTest"/>
  <testcase name="verifyExportButtonTest" time="0.0" classname="com.nop.qa.testcases.ProductsPageTest">
    <ignored/>
  </testcase> <!-- verifyExportButtonTest -->
  <testcase name="verifyProductsPageLabel" time="0.0" classname="com.nop.qa.testcases.ProductsPageTest">
    <ignored/>
  </testcase> <!-- verifyProductsPageLabel -->
  <testcase name="verifyAddNewButtonTest" time="0.0" classname="com.nop.qa.testcases.ProductsPageTest">
    <ignored/>
  </testcase> <!-- verifyAddNewButtonTest -->
  <testcase name="verifyImportButtonTest" time="0.0" classname="com.nop.qa.testcases.ProductsPageTest">
    <ignored/>
  </testcase> <!-- verifyImportButtonTest -->
  <testcase name="verifyProductsPageTitle" time="0.0" classname="com.nop.qa.testcases.ProductsPageTest">
    <ignored/>
  </testcase> <!-- verifyProductsPageTitle -->
</testsuite> <!-- NopCommerce App Test -->
