<?xml version="1.0" encoding="UTF-8"?>
<testng-results skipped="0" failed="0" ignored="5" total="6" passed="1">
  <reporter-output>
  </reporter-output>
  <suite name="NopCommerceTest" duration-ms="14485" started-at="2020-05-12T20:55:35 NPT" finished-at="2020-05-12T20:55:49 NPT">
    <groups>
    </groups>
    <test name="NopCommerce App Test" duration-ms="14485" started-at="2020-05-12T20:55:35 NPT" finished-at="2020-05-12T20:55:49 NPT">
      <class name="com.nop.qa.testcases.ProductsPageTest">
        <test-method status="PASS" signature="setUp()[pri:0, instance:com.nop.qa.testcases.ProductsPageTest@4e3958e7]" name="setUp" is-config="true" duration-ms="11306" started-at="2020-05-12T20:55:35 NPT" finished-at="2020-05-12T20:55:46 NPT">
          <reporter-output>
          </reporter-output>
        </test-method> <!-- setUp -->
        <test-method status="PASS" signature="verifyClickOnAddNewButtonTest()[pri:0, instance:com.nop.qa.testcases.ProductsPageTest@4e3958e7]" name="verifyClickOnAddNewButtonTest" duration-ms="3066" started-at="2020-05-12T20:55:46 NPT" finished-at="2020-05-12T20:55:49 NPT">
          <reporter-output>
          </reporter-output>
        </test-method> <!-- verifyClickOnAddNewButtonTest -->
        <test-method status="PASS" signature="tearDown()[pri:0, instance:com.nop.qa.testcases.ProductsPageTest@4e3958e7]" name="tearDown" is-config="true" duration-ms="91" started-at="2020-05-12T20:55:49 NPT" finished-at="2020-05-12T20:55:49 NPT">
          <reporter-output>
          </reporter-output>
        </test-method> <!-- tearDown -->
      </class> <!-- com.nop.qa.testcases.ProductsPageTest -->
    </test> <!-- NopCommerce App Test -->
  </suite> <!-- NopCommerceTest -->
</testng-results>
